android-bridge/app/build/intermediates/manifest_merge_blame_file/debug/processDebugMainManifest/manifest-merger-blame-debug-report.txt
1<?xml version="1.0" encoding="utf-8"?>
2<manifest xmlns:android="http://schemas.android.com/apk/res/android"
3    package="com.bearbless.bridge"
4    android:versionCode="1"
5    android:versionName="0.1.0" >
6
7    <uses-sdk
8        android:minSdkVersion="30"
9        android:targetSdkVersion="35" />
10
11    <application
11-->src/main/AndroidManifest.xml:3:5-24:19
12        android:allowBackup="false"
12-->src/main/AndroidManifest.xml:4:9-36
13        android:debuggable="true"
14        android:extractNativeLibs="false"
15        android:label="BearBless Bridge"
15-->src/main/AndroidManifest.xml:5:9-41
16        android:supportsRtl="true" >
16-->src/main/AndroidManifest.xml:6:9-35
17        <service
17-->src/main/AndroidManifest.xml:7:9-18:19
18            android:name="com.bearbless.bridge.BearBlessAccessibilityService"
18-->src/main/AndroidManifest.xml:8:13-58
19            android:exported="true"
19-->src/main/AndroidManifest.xml:9:13-36
20            android:label="BearBless 虚拟屏输入桥"
20-->src/main/AndroidManifest.xml:10:13-45
21            android:permission="android.permission.BIND_ACCESSIBILITY_SERVICE" >
21-->src/main/AndroidManifest.xml:11:13-79
22            <intent-filter>
22-->src/main/AndroidManifest.xml:12:13-14:29
23                <action android:name="android.accessibilityservice.AccessibilityService" />
23-->src/main/AndroidManifest.xml:13:17-92
23-->src/main/AndroidManifest.xml:13:25-89
24            </intent-filter>
25
26            <meta-data
26-->src/main/AndroidManifest.xml:15:13-17:72
27                android:name="android.accessibilityservice"
27-->src/main/AndroidManifest.xml:16:17-60
28                android:resource="@xml/accessibility_service_config" />
28-->src/main/AndroidManifest.xml:17:17-69
29        </service>
30
31        <provider
31-->src/main/AndroidManifest.xml:20:9-23:39
32            android:name="com.bearbless.bridge.BridgeProvider"
32-->src/main/AndroidManifest.xml:21:13-43
33            android:authorities="com.bearbless.bridge.control"
33-->src/main/AndroidManifest.xml:22:13-63
34            android:exported="true" />
34-->src/main/AndroidManifest.xml:23:13-36
35    </application>
36
37</manifest>